[    0.000000] Linux version 4.15.0-171-generic (buildd@ubuntu) (gcc version 7.5.0 (Ubuntu 7.5.0-3ubuntu1~18.04)) #180-Ubuntu SMP Wed Mar 2 17:25:05 UTC 2022 (Ubuntu 4.15.0-171.180-generic 4.15.18)
[    0.000000] Command line: BOOT_IMAGE=/boot/vmlinuz-4.15.0-171-generic root=LABEL=cloudimg-rootfs ro console=tty1 console=ttyS0
[    0.000000] KERNEL supported cpus:
[    0.000000]   Intel GenuineIntel
[    0.000000]   AMD AuthenticAMD
[    0.000000]   Centaur CentaurHauls
[    0.000000] [Firmware Bug]: TSC doesn't count with P0 frequency!
[    0.000000] x86/fpu: Supporting XSAVE feature 0x001: 'x87 floating point registers'
[    0.000000] x86/fpu: Supporting XSAVE feature 0x002: 'SSE registers'
[    0.000000] x86/fpu: Supporting XSAVE feature 0x004: 'AVX registers'
[    0.000000] x86/fpu: xstate_offset[2]:  576, xstate_sizes[2]:  256
[    0.000000] x86/fpu: Enabled xstate features 0x7, context size is 832 bytes, using 'standard' format.
[    0.000000] e820: BIOS-provided physical RAM map:
[    0.000000] BIOS-e820: [mem 0x0000000000000000-0x000000000009fbff] usable
[    0.000000] BIOS-e820: [mem 0x000000000009fc00-0x000000000009ffff] reserved
[    0.000000] BIOS-e820: [mem 0x00000000000f0000-0x00000000000fffff] reserved
[    0.000000] BIOS-e820: [mem 0x0000000000100000-0x000000001ffeffff] usable
[    0.000000] BIOS-e820: [mem 0x000000001fff0000-0x000000001fffffff] ACPI data
[    0.000000] BIOS-e820: [mem 0x00000000fec00000-0x00000000fec00fff] reserved
[    0.000000] BIOS-e820: [mem 0x00000000fee00000-0x00000000fee00fff] reserved
[    0.000000] BIOS-e820: [mem 0x00000000fffc0000-0x00000000ffffffff] reserved
[    0.000000] NX (Execute Disable) protection: active
[    0.000000] SMBIOS 2.5 present.
[    0.000000] DMI: innotek GmbH VirtualBox/VirtualBox, BIOS VirtualBox 12/01/2006
[    0.000000] Hypervisor detected: KVM
[    0.000000] e820: last_pfn = 0x1fff0 max_arch_pfn = 0x400000000
[    0.000000] MTRR: Disabled
[    0.000000] x86/PAT: MTRRs disabled, skipping PAT initialization too.
[    0.000000] CPU MTRRs all blank - virtualized system.
[    0.000000] x86/PAT: Configuration [0-7]: WB  WT  UC- UC  WB  WT  UC- UC  
[    0.000000] found SMP MP-table at [mem 0x0009fff0-0x0009ffff]
[    0.000000] Scanning 1 areas for low memory corruption
[    0.000000] RAMDISK: [mem 0x1daea000-0x1edfcfff]
[    0.000000] ACPI: Early table checksum verification disabled
[    0.000000] ACPI: RSDP 0x00000000000E0000 000024 (v02 VBOX  )
[    0.000000] ACPI: XSDT 0x000000001FFF0030 00003C (v01 VBOX   VBOXXSDT 00000001 ASL  00000061)
[    0.000000] ACPI: FACP 0x000000001FFF00F0 0000F4 (v04 VBOX   VBOXFACP 00000001 ASL  00000061)
[    0.000000] ACPI: DSDT 0x000000001FFF0470 002325 (v02 VBOX   VBOXBIOS 00000002 INTL 20190509)
[    0.000000] ACPI: FACS 0x000000001FFF0200 000040
[    0.000000] ACPI: FACS 0x000000001FFF0200 000040
[    0.000000] ACPI: APIC 0x000000001FFF0240 000054 (v02 VBOX   VBOXAPIC 00000001 ASL  00000061)
[    0.000000] ACPI: SSDT 0x000000001FFF02A0 0001CC (v01 VBOX   VBOXCPUT 00000002 INTL 20190509)
[    0.000000] ACPI: Reserving FACP table memory at [mem 0x1fff00f0-0x1fff01e3]
[    0.000000] ACPI: Reserving DSDT table memory at [mem 0x1fff0470-0x1fff2794]
[    0.000000] ACPI: Reserving FACS table memory at [mem 0x1fff0200-0x1fff023f]
[    0.000000] ACPI: Reserving FACS table memory at [mem 0x1fff0200-0x1fff023f]
[    0.000000] ACPI: Reserving APIC table memory at [mem 0x1fff0240-0x1fff0293]
[    0.000000] ACPI: Reserving SSDT table memory at [mem 0x1fff02a0-0x1fff046b]
[    0.000000] No NUMA configuration found
[    0.000000] Faking a node at [mem 0x0000000000000000-0x000000001ffeffff]
[    0.000000] NODE_DATA(0) allocated [mem 0x1ffc5000-0x1ffeffff]
[    0.000000] kvm-clock: cpu 0, msr 0:1ff44001, primary cpu clock
[    0.000000] kvm-clock: Using msrs 4b564d01 and 4b564d00
[    0.000000] kvm-clock: using sched offset of 2826332979 cycles
[    0.000000] clocksource: kvm-clock: mask: 0xffffffffffffffff max_cycles: 0x1cd42e4dffb, max_idle_ns: 881590591483 ns
[    0.000000] Zone ranges:
[    0.000000]   DMA      [mem 0x0000000000001000-0x0000000000ffffff]
[    0.000000]   DMA32    [mem 0x0000000001000000-0x000000001ffeffff]
[    0.000000]   Normal   empty
[    0.000000]   Device   empty
[    0.000000] Movable zone start for each node
[    0.000000] Early memory node ranges
[    0.000000]   node   0: [mem 0x0000000000001000-0x000000000009efff]
[    0.000000]   node   0: [mem 0x0000000000100000-0x000000001ffeffff]
[    0.000000] Reserved but unavailable: 104 pages
[    0.000000] Initmem setup node 0 [mem 0x0000000000001000-0x000000001ffeffff]
[    0.000000] ACPI: PM-Timer IO Port: 0x4008
[    0.000000] IOAPIC[0]: apic_id 1, version 32, address 0xfec00000, GSI 0-23
[    0.000000] ACPI: INT_SRC_OVR (bus 0 bus_irq 0 global_irq 2 dfl dfl)
[    0.000000] ACPI: INT_SRC_OVR (bus 0 bus_irq 9 global_irq 9 low level)
[    0.000000] Using ACPI (MADT) for SMP configuration information
[    0.000000] smpboot: Allowing 1 CPUs, 0 hotplug CPUs
[    0.000000] PM: Registered nosave memory: [mem 0x00000000-0x00000fff]
[    0.000000] PM: Registered nosave memory: [mem 0x0009f000-0x0009ffff]
[    0.000000] PM: Registered nosave memory: [mem 0x000a0000-0x000effff]
[    0.000000] PM: Registered nosave memory: [mem 0x000f0000-0x000fffff]
[    0.000000] e820: [mem 0x20000000-0xfebfffff] available for PCI devices
[    0.000000] Booting paravirtualized kernel on KVM
[    0.000000] clocksource: refined-jiffies: mask: 0xffffffff max_cycles: 0xffffffff, max_idle_ns: 7645519600211568 ns
[    0.000000] random: get_random_bytes called from start_kernel+0x99/0x500 with crng_init=0
[    0.000000] setup_percpu: NR_CPUS:8192 nr_cpumask_bits:1 nr_cpu_ids:1 nr_node_ids:1
[    0.000000] percpu: Embedded 50 pages/cpu s167936 r8192 d28672 u2097152
[    0.000000] PV qspinlock hash table entries: 256 (order: 0, 4096 bytes)
[    0.000000] Built 1 zonelists, mobility grouping on.  Total pages: 128889
[    0.000000] Policy zone: DMA32
[    0.000000] Kernel command line: BOOT_IMAGE=/boot/vmlinuz-4.15.0-171-generic root=LABEL=cloudimg-rootfs ro console=tty1 console=ttyS0
[    0.000000] Memory: 466740K/523832K available (12300K kernel code, 2483K rwdata, 4324K rodata, 2476K init, 2724K bss, 57092K reserved, 0K cma-reserved)
[    0.000000] SLUB: HWalign=64, Order=0-3, MinObjects=0, CPUs=1, Nodes=1
[    0.000000] ftrace: allocating 39503 entries in 155 pages
[    0.004000] Hierarchical RCU implementation.
[    0.004000] 	RCU restricting CPUs from NR_CPUS=8192 to nr_cpu_ids=1.
[    0.004000] 	Tasks RCU enabled.
[    0.004000] RCU: Adjusting geometry for rcu_fanout_leaf=16, nr_cpu_ids=1
[    0.004000] NR_IRQS: 524544, nr_irqs: 256, preallocated irqs: 16
[    0.004000] Console: colour VGA+ 80x25
[    0.004000] console [tty1] enabled
[    0.004000] console [ttyS0] enabled
[    0.004000] ACPI: Core revision 20170831
[    0.004000] ACPI: 2 ACPI AML tables successfully acquired and loaded
[    0.004000] APIC: Switch to symmetric I/O mode setup
[    0.004000] x2apic enabled
[    0.004000] Switched APIC routing to physical x2apic.
[    0.004000] ..TIMER: vector=0x30 apic1=0 pin1=2 apic2=-1 pin2=-1
[    0.004000] tsc: Detected 3700.000 MHz processor
[    0.004000] Calibrating delay loop (skipped) preset value.. 7400.00 BogoMIPS (lpj=14800000)
[    0.004000] pid_max: default: 32768 minimum: 301
[    0.004000] Security Framework initialized
[    0.004000] Yama: becoming mindful.
[    0.004011] AppArmor: AppArmor initialized
[    0.004367] Dentry cache hash table entries: 65536 (order: 7, 524288 bytes)
[    0.004885] Inode-cache hash table entries: 32768 (order: 6, 262144 bytes)
[    0.005382] Mount-cache hash table entries: 1024 (order: 1, 8192 bytes)
[    0.005859] Mountpoint-cache hash table entries: 1024 (order: 1, 8192 bytes)
[    0.006479] CPU0: Hyper-Threading is disabled
[    0.006820] Last level iTLB entries: 4KB 512, 2MB 512, 4MB 256
[    0.007245] Last level dTLB entries: 4KB 2048, 2MB 2048, 4MB 1024, 1GB 0
[    0.007739] Spectre V1 : Mitigation: usercopy/swapgs barriers and __user pointer sanitization
[    0.008001] Spectre V2 : LFENCE not serializing, switching to generic retpoline
[    0.008549] Spectre V2 : Mitigation: Retpolines
[    0.008897] Spectre V2 : Spectre v2 / SpectreRSB mitigation: Filling RSB on context switch
[    0.009500] Speculative Store Bypass: Vulnerable
[    0.012564] Freeing SMP alternatives memory: 36K
[    0.121795] smpboot: CPU0: AMD Ryzen 5 5600X 6-Core Processor (family: 0x19, model: 0x21, stepping: 0x0)
[    0.122658] Performance Events: PMU not available due to virtualization, using software events only.
[    0.123438] Hierarchical SRCU implementation.
[    0.124000] NMI watchdog: Perf event create on CPU 0 failed with -2
[    0.124000] NMI watchdog: Perf NMI watchdog permanently disabled
[    0.124000] smp: Bringing up secondary CPUs ...
[    0.124001] smp: Brought up 1 node, 1 CPU
[    0.124315] smpboot: Max logical packages: 1
[    0.124647] smpboot: Total of 1 processors activated (7400.00 BogoMIPS)
[    0.125182] devtmpfs: initialized
[    0.125483] x86/mm: Memory block size: 128MB
[    0.125865] evm: security.selinux
[    0.126130] evm: security.SMACK64
[    0.126397] evm: security.SMACK64EXEC
[    0.126684] evm: security.SMACK64TRANSMUTE
[    0.127005] evm: security.SMACK64MMAP
[    0.127293] evm: security.apparmor
[    0.127564] evm: security.ima
[    0.127811] evm: security.capability
[    0.128049] clocksource: jiffies: mask: 0xffffffff max_cycles: 0xffffffff, max_idle_ns: 7645041785100000 ns
[    0.128763] futex hash table entries: 256 (order: 2, 16384 bytes)
[    0.129224] pinctrl core: initialized pinctrl subsystem
[    0.129664] RTC time:  1:48:49, date: 03/19/22
[    0.130051] NET: Registered protocol family 16
[    0.130423] audit: initializing netlink subsys (disabled)
[    0.130883] cpuidle: using governor ladder
[    0.131206] cpuidle: using governor menu
[    0.131644] ACPI: bus type PCI registered
[    0.132002] acpiphp: ACPI Hot Plug PCI Controller Driver version: 0.5
[    0.132517] PCI: Using configuration type 1 for base access
[    0.132939] PCI: Using configuration type 1 for extended access
[    0.133388] audit: type=2000 audit(1647654533.484:1): state=initialized audit_enabled=0 res=1
[    0.134464] HugeTLB registered 2.00 MiB page size, pre-allocated 0 pages
[    0.135029] ACPI: Added _OSI(Module Device)
[    0.135359] ACPI: Added _OSI(Processor Device)
[    0.135698] ACPI: Added _OSI(3.0 _SCP Extensions)
[    0.136002] ACPI: Added _OSI(Processor Aggregator Device)
[    0.136408] ACPI: Added _OSI(Linux-Dell-Video)
[    0.136759] ACPI: Added _OSI(Linux-Lenovo-NV-HDMI-Audio)
[    0.137155] ACPI: Added _OSI(Linux-HPI-Hybrid-Graphics)
[    0.137644] ACPI: Executed 1 blocks of module-level executable AML code
[    0.139588] ACPI: Interpreter enabled
[    0.140011] ACPI: (supports S0 S5)
[    0.140324] ACPI: Using IOAPIC for interrupt routing
[    0.140858] PCI: Using host bridge windows from ACPI; if necessary, use "pci=nocrs" and report a bug
[    0.141574] ACPI: Enabled 2 GPEs in block 00 to 07
[    0.144681] ACPI: PCI Root Bridge [PCI0] (domain 0000 [bus 00-ff])
[    0.145229] acpi PNP0A03:00: _OSC: OS supports [ExtendedConfig ASPM ClockPM Segments MSI]
[    0.146415] acpi PNP0A03:00: _OSC: platform does not support [PCIeCapability]
[    0.147159] acpi PNP0A03:00: _OSC: not requesting control; platform does not support [PCIeCapability]
[    0.147825] acpi PNP0A03:00: _OSC: OS requested [PCIeHotplug PME AER PCIeCapability]
[    0.148004] acpi PNP0A03:00: _OSC: platform willing to grant [PCIeHotplug PME AER]
[    0.148758] acpi PNP0A03:00: _OSC failed (AE_SUPPORT); disabling ASPM
[    0.149378] PCI host bridge to bus 0000:00
[    0.149694] pci_bus 0000:00: root bus resource [io  0x0000-0x0cf7 window]
[    0.150181] pci_bus 0000:00: root bus resource [io  0x0d00-0xffff window]
[    0.150668] pci_bus 0000:00: root bus resource [mem 0x000a0000-0x000bffff window]
[    0.151212] pci_bus 0000:00: root bus resource [mem 0x20000000-0xfdffffff window]
[    0.152001] pci_bus 0000:00: root bus resource [bus 00-ff]
[    0.153049] pci 0000:00:01.1: legacy IDE quirk: reg 0x10: [io  0x01f0-0x01f7]
[    0.153566] pci 0000:00:01.1: legacy IDE quirk: reg 0x14: [io  0x03f6]
[    0.154038] pci 0000:00:01.1: legacy IDE quirk: reg 0x18: [io  0x0170-0x0177]
[    0.154549] pci 0000:00:01.1: legacy IDE quirk: reg 0x1c: [io  0x0376]
[    0.158650] pci 0000:00:07.0: quirk: [io  0x4000-0x403f] claimed by PIIX4 ACPI
[    0.159284] pci 0000:00:07.0: quirk: [io  0x4100-0x410f] claimed by PIIX4 SMB
[    0.162158] ACPI: PCI Interrupt Link [LNKA] (IRQs 5 9 10 *11)
[    0.162798] ACPI: PCI Interrupt Link [LNKB] (IRQs 5 9 *10 11)
[    0.163293] ACPI: PCI Interrupt Link [LNKC] (IRQs 5 *9 10 11)
[    0.163763] ACPI: PCI Interrupt Link [LNKD] (IRQs 5 9 10 *11)
[    0.164165] SCSI subsystem initialized
[    0.164509] pci 0000:00:02.0: vgaarb: setting as boot VGA device
[    0.164955] pci 0000:00:02.0: vgaarb: VGA device added: decodes=io+mem,owns=io+mem,locks=none
[    0.165569] pci 0000:00:02.0: vgaarb: bridge control possible
[    0.165988] vgaarb: loaded
[    0.166224] ACPI: bus type USB registered
[    0.166544] usbcore: registered new interface driver usbfs
[    0.166953] usbcore: registered new interface driver hub
[    0.167351] usbcore: registered new device driver usb
[    0.167755] EDAC MC: Ver: 3.0.0
[    0.168104] PCI: Using ACPI for IRQ routing
[    0.168533] NetLabel: Initializing
[    0.168810] NetLabel:  domain hash size = 128
[    0.169143] NetLabel:  protocols = UNLABELED CIPSOv4 CALIPSO
[    0.169565] NetLabel:  unlabeled traffic allowed by default
[    0.170027] clocksource: Switched to clocksource kvm-clock
[    0.173730] VFS: Disk quotas dquot_6.6.0
[    0.174096] VFS: Dquot-cache hash table entries: 512 (order 0, 4096 bytes)
[    0.174722] AppArmor: AppArmor Filesystem Enabled
[    0.175089] pnp: PnP ACPI init
[    0.175715] pnp: PnP ACPI: found 3 devices
[    0.180934] clocksource: acpi_pm: mask: 0xffffff max_cycles: 0xffffff, max_idle_ns: 2085701024 ns
[    0.181719] NET: Registered protocol family 2
[    0.182067] IP idents hash table entries: 8192 (order: 4, 65536 bytes)
[    0.182602] TCP established hash table entries: 4096 (order: 3, 32768 bytes)
[    0.183123] TCP bind hash table entries: 4096 (order: 4, 65536 bytes)
[    0.183597] TCP: Hash tables configured (established 4096 bind 4096)
[    0.184035] UDP hash table entries: 256 (order: 1, 8192 bytes)
[    0.184499] UDP-Lite hash table entries: 256 (order: 1, 8192 bytes)
[    0.184967] NET: Registered protocol family 1
[    0.185305] pci 0000:00:00.0: Limiting direct PCI/PCI transfers
[    0.185745] pci 0000:00:01.0: Activating ISA DMA hang workarounds
[    0.186215] pci 0000:00:02.0: Video device with shadowed ROM at [mem 0x000c0000-0x000dffff]
[    0.186863] Unpacking initramfs...
[    0.328111] Freeing initrd memory: 19532K
[    0.328554] clocksource: tsc: mask: 0xffffffffffffffff max_cycles: 0x6aaaabc71c7, max_idle_ns: 881590412124 ns
[    0.329418] platform rtc_cmos: registered platform RTC device (no PNP device found)
[    0.330083] Scanning for low memory corruption every 60 seconds
[    0.330878] Initialise system trusted keyrings
[    0.331284] Key type blacklist registered
[    0.331667] workingset: timestamp_bits=36 max_order=17 bucket_order=0
[    0.332617] zbud: loaded
[    0.333055] squashfs: version 4.0 (2009/01/31) Phillip Lougher
[    0.333604] fuse init (API version 7.26)
[    0.334286] Key type asymmetric registered
[    0.334656] Asymmetric key parser 'x509' registered
[    0.335109] Block layer SCSI generic (bsg) driver version 0.4 loaded (major 246)
[    0.335759] io scheduler noop registered
[    0.336120] io scheduler deadline registered
[    0.336511] io scheduler cfq registered (default)
[    0.337039] ACPI: AC Adapter [AC] (on-line)
[    0.337439] input: Power Button as /devices/LNXSYSTM:00/LNXPWRBN:00/input/input0
[    0.338080] ACPI: Power Button [PWRF]
[    0.338434] input: Sleep Button as /devices/LNXSYSTM:00/LNXSLPBN:00/input/input1
[    0.339073] ACPI: Sleep Button [SLPF]
[    0.339506] Serial: 8250/16550 driver, 32 ports, IRQ sharing enabled
[    0.360317] 00:02: ttyS0 at I/O 0x3f8 (irq = 4, base_baud = 115200) is a 16550A
[    0.361479] Linux agpgart interface v0.103
[    0.362269] loop: module loaded
[    0.362770] scsi host0: ata_piix
[    0.363098] scsi host1: ata_piix
[    0.363408] ata1: PATA max UDMA/33 cmd 0x1f0 ctl 0x3f6 bmdma 0xd000 irq 14
[    0.363989] ata2: PATA max UDMA/33 cmd 0x170 ctl 0x376 bmdma 0xd008 irq 15
[    0.364724] libphy: Fixed MDIO Bus: probed
[    0.365093] tun: Universal TUN/TAP device driver, 1.6
[    0.365547] PPP generic driver version 2.4.2
[    0.365944] ehci_hcd: USB 2.0 'Enhanced' Host Controller (EHCI) Driver
[    0.366497] ehci-pci: EHCI PCI platform driver
[    0.366905] ehci-platform: EHCI generic platform driver
[    0.367360] ohci_hcd: USB 1.1 'Open' Host Controller (OHCI) Driver
[    0.367886] ohci-pci: OHCI PCI platform driver
[    0.368396] ohci-platform: OHCI generic platform driver
[    0.368852] uhci_hcd: USB Universal Host Controller Interface driver
[    0.369412] i8042: PNP: PS/2 Controller [PNP0303:PS2K,PNP0f03:PS2M] at 0x60,0x64 irq 1,12
[    0.370398] serio: i8042 KBD port at 0x60,0x64 irq 1
[    0.370849] serio: i8042 AUX port at 0x60,0x64 irq 12
[    0.371317] mousedev: PS/2 mouse device common for all mice
[    0.371905] input: AT Translated Set 2 keyboard as /devices/platform/i8042/serio0/input/input2
[    0.372834] rtc_cmos rtc_cmos: rtc core: registered rtc_cmos as rtc0
[    0.373405] rtc_cmos rtc_cmos: alarms up to one day, 114 bytes nvram
[    0.373947] i2c /dev entries driver
[    0.374286] device-mapper: uevent: version 1.0.3
[    0.374722] device-mapper: ioctl: 4.37.0-ioctl (2017-09-20) initialised: dm-devel@redhat.com
[    0.375449] ledtrig-cpu: registered to indicate activity on CPUs
[    0.376072] NET: Registered protocol family 10
[    0.377779] Segment Routing with IPv6
[    0.378129] NET: Registered protocol family 17
[    0.378535] Key type dns_resolver registered
[    0.378958] mce: Using 0 MCE banks
[    0.379275] RAS: Correctable Errors collector initialized.
[    0.379754] sched_clock: Marking stable (376004491, 0)->(454796538, -78792047)
[    0.380432] registered taskstats version 1
[    0.380802] Loading compiled-in X.509 certificates
[    0.382046] Loaded X.509 cert 'Build time autogenerated kernel key: af32452646252a8bcb28446c2c4754d4174d97ad'
[    0.383164] Loaded X.509 cert 'Canonical Ltd. Live Patch Signing: 14df34d1a87cf37625abec039ef2bf521249b969'
[    0.384277] Loaded X.509 cert 'Canonical Ltd. Kernel Module Signing: 88f752e560a1e0737e31163a466ad7b70a850c19'
[    0.385117] blacklist: Loading compiled-in revocation X.509 certificates
[    0.385692] Loaded X.509 cert 'Canonical Ltd. Secure Boot Signing: 61482aa2830d0ab2ad5af10b7250da9033ddcef0'
[    0.386519] zswap: loaded using pool lzo/zbud
[    0.388004] Key type big_key registered
[    0.388373] Key type trusted registered
[    0.389268] Key type encrypted registered
[    0.389636] AppArmor: AppArmor sha1 policy hashing enabled
[    0.390110] ima: No TPM chip found, activating TPM-bypass! (rc=-19)
[    0.390642] ima: Allocated hash algorithm: sha1
[    0.391052] evm: HMAC attrs: 0x1
[    0.391439]   Magic number: 14:299:812
[    0.391814] rtc_cmos rtc_cmos: setting system clock to 2022-03-19 01:48:49 UTC (1647654529)
[    0.392574] BIOS EDD facility v0.16 2004-Jun-25, 0 devices found
[    0.393095] EDD information not available.
[    0.547580] Freeing unused kernel image memory: 2476K
[    0.556010] Write protecting the kernel read-only data: 20480k
[    0.557408] Freeing unused kernel image memory: 2008K
[    0.558512] Freeing unused kernel image memory: 1820K
[    0.566051] x86/mm: Checked W+X mappings: passed, no W+X pages found.
Loading, please wait...
starting version 237
[    0.610148] e1000: Intel(R) PRO/1000 Network Driver - version 7.3.21-k8-NAPI
[    0.610775] e1000: Copyright (c) 1999-2006 Intel Corporation.
[    0.613688] Fusion MPT base driver 3.04.20
[    0.614083] Copyright (c) 1999-2008 LSI Corporation
[    0.615925] Fusion MPT SPI Host driver 3.04.20
[    0.629139] AVX2 version of gcm_enc/dec engaged.
[    0.629574] AES CTR mode by8 optimization enabled
[    0.823756] input: ImExPS/2 Generic Explorer Mouse as /devices/platform/i8042/serio1/input/input4
[    0.931345] e1000 0000:00:03.0 eth0: (PCI:33MHz:32-bit) 02:38:36:74:1b:62
[    0.932181] e1000 0000:00:03.0 eth0: Intel(R) PRO/1000 Network Connection
[    0.933162] mptbase: ioc0: Initiating bringup
[    1.028179] ioc0: LSI53C1030 A0: Capabilities={Initiator}
[    1.268820] scsi host2: ioc0: LSI53C1030 A0, FwRev=00000000h, Ports=1, MaxQ=256, IRQ=20
[    1.437196] scsi 2:0:0:0: Direct-Access     VBOX     HARDDISK         1.0  PQ: 0 ANSI: 5
[    1.438520] scsi target2:0:0: Beginning Domain Validation
[    1.440279] scsi target2:0:0: Domain Validation skipping write tests
[    1.441311] scsi target2:0:0: Ending Domain Validation
[    1.442190] scsi target2:0:0: asynchronous
[    1.443165] scsi 2:0:1:0: Direct-Access     VBOX     HARDDISK         1.0  PQ: 0 ANSI: 5
[    1.444506] scsi target2:0:1: Beginning Domain Validation
[    1.445432] random: fast init done
[    1.446515] scsi target2:0:1: Domain Validation skipping write tests
[    1.447558] scsi target2:0:1: Ending Domain Validation
[    1.448380] scsi target2:0:1: asynchronous
[    1.450423] random: systemd-udevd: uninitialized urandom read (16 bytes read)
[    1.451063] random: systemd-udevd: uninitialized urandom read (16 bytes read)
[    1.451666] random: systemd-udevd: uninitialized urandom read (16 bytes read)
[    1.452434] sd 2:0:0:0: [sda] 83886080 512-byte logical blocks: (42.9 GB/40.0 GiB)
[    1.453104] sd 2:0:0:0: [sda] Write Protect is off
[    1.453575] sd 2:0:0:0: [sda] Incomplete mode parameter data
[    1.454065] sd 2:0:0:0: [sda] Assuming drive cache: write through
[    1.454829] sd 2:0:0:0: Attached scsi generic sg0 type 0
[    1.455500]  sda: sda1
[    1.455961] sd 2:0:0:0: [sda] Attached SCSI disk
[    1.456589] sd 2:0:1:0: [sdb] 20480 512-byte logical blocks: (10.5 MB/10.0 MiB)
[    1.457236] sd 2:0:1:0: Attached scsi generic sg1 type 0
[    1.457707] sd 2:0:1:0: [sdb] Write Protect is off
[    1.458184] sd 2:0:1:0: [sdb] Incomplete mode parameter data
[    1.458675] sd 2:0:1:0: [sdb] Assuming drive cache: write through
[    1.459740] sd 2:0:1:0: [sdb] Attached SCSI disk
[    1.759140] e1000 0000:00:08.0 eth1: (PCI:33MHz:32-bit) 08:00:27:00:04:0c
[    1.760172] e1000 0000:00:08.0 eth1: Intel(R) PRO/1000 Network Connection
[    1.761993] e1000 0000:00:08.0 enp0s8: renamed from eth1
[    1.764123] e1000 0000:00:03.0 enp0s3: renamed from eth0
Begin: Loading essential drivers ... [    3.013886] raid6: sse2x1   gen()  8443 MB/s
[    3.060307] raid6: sse2x1   xor() 14236 MB/s
[    3.110716] raid6: sse2x2   gen() 17135 MB/s
[    3.158718] raid6: sse2x2   xor() 18119 MB/s
[    3.206719] raid6: sse2x4   gen() 24276 MB/s
[    3.254718] raid6: sse2x4   xor() 13528 MB/s
[    3.302718] raid6: avx2x1   gen() 19037 MB/s
[    3.348209] raid6: avx2x1   xor() 26300 MB/s
[    3.396005] raid6: avx2x2   gen() 38941 MB/s
[    3.444091] raid6: avx2x2   xor() 34759 MB/s
[    3.492088] raid6: avx2x4   gen() 42649 MB/s
[    3.540085] raid6: avx2x4   xor() 17820 MB/s
[    3.540489] raid6: using algorithm avx2x4 gen() 42649 MB/s
[    3.540964] raid6: .... xor() 17820 MB/s, rmw enabled
[    3.541403] raid6: using avx2x2 recovery algorithm
[    3.542758] xor: automatically using best checksumming function   avx       
[    3.544001] async_tx: api initialized (async)
done.
Begin: Running /scripts/init-premount ... done.
Begin: Mounting root file system ... Begin: Running /scripts/local-top ... done.
Begin: Running /scripts/local-premount ... [    3.569139] Btrfs loaded, crc32c=crc32c-intel
Scanning for Btrfs filesystems
done.
Warning: fsck not present, so skipping root file system
[    3.577190] EXT4-fs (sda1): mounted filesystem with ordered data mode. Opts: (null)
done.
Begin: Running /scripts/local-bottom ... done.
Begin: Running /scripts/init-bottom ... done.
[    3.662690] ip_tables: (C) 2000-2006 Netfilter Core Team
[    3.665223] systemd[1]: systemd 237 running in system mode. (+PAM +AUDIT +SELINUX +IMA +APPARMOR +SMACK +SYSVINIT +UTMP +LIBCRYPTSETUP +GCRYPT +GNUTLS +ACL +XZ +LZ4 +SECCOMP +BLKID +ELFUTILS +KMOD -IDN2 +IDN -PCRE2 default-hierarchy=hybrid)
[    3.666976] systemd[1]: Detected virtualization oracle.
[    3.667440] systemd[1]: Detected architecture x86-64.

Welcome to [1mUbuntu 18.04.6 LTS[0m!

[    3.669219] systemd[1]: Set hostname to <ubuntu>.
[    3.670290] systemd[1]: Initializing machine ID from random generator.
[    3.670872] systemd[1]: Installed transient /etc/machine-id file.
[    3.803379] systemd[1]: Created slice User and Session Slice.
[[0;32m  OK  [0m] Created slice User and Session Slice.
[    3.804183] systemd[1]: Reached target User and Group Name Lookups.
[[0;32m  OK  [0m] Reached target User and Group Name Lookups.
[    3.804942] systemd[1]: Reached target System Time Synchronized.
[[0;32m  OK  [0m] Reached target System Time Synchronized.
[    3.805788] systemd[1]: Created slice System Slice.
[[0;32m  OK  [0m] Created slice System Slice.
[[0;32m  OK  [0m] Reached target Slices.
[[0;32m  OK  [0m] Listening on Journal Socket.
         Starting Set the console keyboard layout...
         Starting Uncomplicated firewall...
[[0;32m  OK  [0m] Listening on fsck to fsckd communication Socket.
         Starting Load Kernel Modules...
         Starting File System Check on Root Device...
[[0;32m  OK  [0m] Listening on udev Kernel Socket.
[[0;32m  OK  [0m] Reached target Swap.
         Mounting Huge Pages File System...
[    3.837367] Loading iSCSI transport class v2.0-870.
[    3.841145] iscsi: registered transport (tcp)
         Mounting Kernel Debug File System...
[    3.850175] iscsi: registered transport (iser)
[[0;32m  OK  [0m] Listening on udev Control Socket.
         Starting udev Coldplug all Devices...
[[0;32m  OK  [0m] Listening on Journal Socket (/dev/log).
[[0;32m  OK  [0m] Listening on /dev/initctl Compatibility Named Pipe.
[[0;32m  OK  [0m] Listening on Device-mapper event daemon FIFOs.
[[0;32m  OK  [0m] Listening on LVM2 poll daemon socket.
[[0;32m  OK  [0m] Listening on LVM2 metadata daemon socket.
[[0;32m  OK  [0m] Listening on Journal Audit Socket.
         Starting Create list of required st…ce nodes for the current kernel...
         Mounting POSIX Message Queue File System...
[[0;32m  OK  [0m] Listening on Network Service Netlink Socket.
[[0;32m  OK  [0m] Set up automount Arbitrary Executab…rmats File System Automount Point.
[[0;32m  OK  [0m] Created slice system-serial\x2dgetty.slice.
         Starting Monitoring of LVM2 mirrors…ng dmeventd or progress polling...
[[0;32m  OK  [0m] Started Forward Password Requests to Wall Directory Watch.
[[0;32m  OK  [0m] Listening on Syslog Socket.
         Starting Journal Service...
[[0;32m  OK  [0m] Started Uncomplicated firewall.
[[0;32m  OK  [0m] Started Load Kernel Modules.
[[0;32m  OK  [0m] Started File System Check on Root Device.
[[0;32m  OK  [0m] Mounted Huge Pages File System.
[[0;32m  OK  [0m] Mounted Kernel Debug File System.
[[0;32m  OK  [0m] Started Create list of required sta…vice nodes for the current kernel.
[[0;32m  OK  [0m] Mounted POSIX Message Queue File System.
[[0;32m  OK  [0m] Started File System Check Daemon to report status.
[[0;32m  OK  [0m] Started LVM2 metadata daemon.
         Starting Create Static Device Nodes in /dev...
         Starting Remount Root and Kernel File Systems...
         Starting Apply Kernel Variables...
         Mounting FUSE Control File System...
         Mounting Kernel Configuration File System...
[[0;32m  OK  [0m] Started Journal Service.
[[0;32m  OK  [0m] Started udev Coldplug all Devices.
[[0;32m  OK  [0m] Started Create Static Device Nodes in /dev.
[[0;32m  OK  [0m] Mounted FUSE Control File System.
[[0;32m  OK  [0m] Mounted Kernel Configuration File System.
[[0;32m  OK  [0m] Started Apply Kernel Variables.
[[0;32m  OK  [0m] Started Remount Root and Kernel File Systems.
         Starting udev Kernel Device Manager...
         Starting Load/Save Random Seed...
         Starting Flush Journal to Persistent Storage...
[[0;32m  OK  [0m] Started Monitoring of LVM2 mirrors,…sing dmeventd or progress polling.
[[0;32m  OK  [0m] Started Load/Save Random Seed.
[[0;32m  OK  [0m] Started udev Kernel Device Manager.
[[0;32m  OK  [0m] Started Flush Journal to Persistent Storage.
[[0;32m  OK  [0m] Found device /dev/ttyS0.
[[0;32m  OK  [0m] Listening on Load/Save RF Kill Switch Status /dev/rfkill Watch.
[[0;32m  OK  [0m] Started Set the console keyboard layout.
[[0;32m  OK  [0m] Reached target Local File Systems (Pre).
[[0;32m  OK  [0m] Reached target Local File Systems.
         Starting Set console font and keymap...
         Starting ebtables ruleset management...
         Starting AppArmor initialization...
         Starting Tell Plymouth To Write Out Runtime Data...
         Starting Create Volatile Files and Directories...
         Starting Commit a transient machine-id on disk...
[[0;32m  OK  [0m] Started Dispatch Password Requests to Console Directory Watch.
[[0;32m  OK  [0m] Reached target Local Encrypted Volumes.
[[0;32m  OK  [0m] Started Tell Plymouth To Write Out Runtime Data.
[[0;32m  OK  [0m] Started Commit a transient machine-id on disk.
[[0;32m  OK  [0m] Started Create Volatile Files and Directories.
         Starting Update UTMP about System Boot/Shutdown...
[[0;32m  OK  [0m] Started Update UTMP about System Boot/Shutdown.
[[0;32m  OK  [0m] Started ebtables ruleset management.
[[0;32m  OK  [0m] Started Set console font and keymap.
[[0;32m  OK  [0m] Started AppArmor initialization.
         Starting Initial cloud-init job (pre-networking)...
         Starting Load AppArmor profiles managed internally by snapd...
[[0;32m  OK  [0m] Started Load AppArmor profiles managed internally by snapd.
[    5.792333] cloud-init[786]: Cloud-init v. 21.4-0ubuntu1~18.04.1 running 'init-local' at Sat, 19 Mar 2022 01:48:54 +0000. Up 5.64 seconds.
[[0;32m  OK  [0m] Started Initial cloud-init job (pre-networking).
[[0;32m  OK  [0m] Reached target Network (Pre).
         Starting Network Service...
[[0;32m  OK  [0m] Started Network Service.
         Starting Network Name Resolution...
         Starting Wait for Network to be Configured...
[[0;32m  OK  [0m] Started Network Name Resolution.
[[0;32m  OK  [0m] Reached target Network.
[[0;32m  OK  [0m] Reached target Host and Network Name Lookups.
[[0;32m  OK  [0m] Started Wait for Network to be Configured.
         Starting Initial cloud-init job (metadata service crawler)...
[    7.938743] cloud-init[898]: Cloud-init v. 21.4-0ubuntu1~18.04.1 running 'init' at Sat, 19 Mar 2022 01:48:56 +0000. Up 7.87 seconds.
[    7.939505] cloud-init[898]: ci-info: ++++++++++++++++++++++++++++++++++++++Net device info+++++++++++++++++++++++++++++++++++++++
[    7.939835] cloud-init[898]: ci-info: +--------+-------+----------------------------+---------------+--------+-------------------+
[    7.940187] cloud-init[898]: ci-info: | Device |   Up  |          Address           |      Mask     | Scope  |     Hw-Address    |
[    7.952107] cloud-init[898]: ci-info: +--------+-------+----------------------------+---------------+--------+-------------------+
[    7.964090] cloud-init[898]: ci-info: | enp0s3 |  True |         10.0.2.15          | 255.255.255.0 | global | 02:38:36:74:1b:62 |
[    7.976378] cloud-init[898]: ci-info: | enp0s3 |  True | fe80::38:36ff:fe74:1b62/64 |       .       |  link  | 02:38:36:74:1b:62 |
[    7.977024] cloud-init[898]: ci-info: | enp0s8 | False |             .              |       .       |   .    | 08:00:27:00:04:0c |
[    7.977494] cloud-init[898]: ci-info: |   lo   |  True |         127.0.0.1          |   255.0.0.0   |  host  |         .         |
[    7.977958] cloud-init[898]: ci-info: |   lo   |  True |          ::1/128           |       .       |  host  |         .         |
[    7.978402] cloud-init[898]: ci-info: +--------+-------+----------------------------+---------------+--------+-------------------+
[    7.978884] cloud-init[898]: ci-info: ++++++++++++++++++++++++++++Route IPv4 info+++++++++++++++++++++++++++++
[    7.979303] cloud-init[898]: ci-info: +-------+-------------+----------+-----------------+-----------+-------+
[    7.979725] cloud-init[898]: ci-info: | Route | Destination | Gateway  |     Genmask     | Interface | Flags |
[    7.980192] cloud-init[898]: ci-info: +-------+-------------+----------+-----------------+-----------+-------+
[    7.980615] cloud-init[898]: ci-info: |   0   |   0.0.0.0   | 10.0.2.2 |     0.0.0.0     |   enp0s3  |   UG  |
[    7.981028] cloud-init[898]: ci-info: |   1   |   10.0.2.0  | 0.0.0.0  |  255.255.255.0  |   enp0s3  |   U   |
[    7.981457] cloud-init[898]: ci-info: |   2   |   10.0.2.2  | 0.0.0.0  | 255.255.255.255 |   enp0s3  |   UH  |
[    7.981883] cloud-init[898]: ci-info: +-------+-------------+----------+-----------------+-----------+-------+
[    7.982684] cloud-init[898]: ci-info: +++++++++++++++++++Route IPv6 info+++++++++++++++++++
[    7.987227] cloud-init[898]: ci-info: +-------+-------------+---------+-----------+-------+
[    7.989297] cloud-init[898]: ci-info: | Route | Destination | Gateway | Interface | Flags |
[    7.990193] cloud-init[898]: ci-info: +-------+-------------+---------+-----------+-------+
[    7.990494] cloud-init[898]: ci-info: |   1   |  fe80::/64  |    ::   |   enp0s3  |   U   |
[    7.994117] cloud-init[898]: ci-info: |   3   |    local    |    ::   |   enp0s3  |   U   |
[    7.995585] cloud-init[898]: ci-info: |   4   |   ff00::/8  |    ::   |   enp0s3  |   U   |
[    7.996098] cloud-init[898]: ci-info: +-------+-------------+---------+-----------+-------+
[    8.292008] cloud-init[898]: Generating public/private rsa key pair.
[    8.292244] cloud-init[898]: Your identification has been saved in /etc/ssh/ssh_host_rsa_key.
[    8.292528] cloud-init[898]: Your public key has been saved in /etc/ssh/ssh_host_rsa_key.pub.
[    8.304127] cloud-init[898]: The key fingerprint is:
[    8.304365] cloud-init[898]: SHA256:GMKEPJpG57mmjdQP83Ub99qMckfRLImxIDpbfF5eaf0 root@ubuntu-bionic
[    8.304683] cloud-init[898]: The key's randomart image is:
[    8.304929] cloud-init[898]: +---[RSA 2048]----+
[    8.305156] cloud-init[898]: | . ..            |
[    8.305370] cloud-init[898]: | .++   . . .     |
[    8.305579] cloud-init[898]: |.oo.+ + . . + *  |
[    8.305784] cloud-init[898]: |o. o + = . + B + |
[    8.305987] cloud-init[898]: |. . . = S o o o .|
[    8.306167] cloud-init[898]: | . * . . + o .  E|
[    8.316094] cloud-init[898]: |. = = . . + o    |
[    8.316305] cloud-init[898]: | o . o   o .+o   |
[    8.316505] cloud-init[898]: |          oooo   |
[    8.316705] cloud-init[898]: +----[SHA256]-----+
[    8.316906] cloud-init[898]: Generating public/private dsa key pair.
[    8.317140] cloud-init[898]: Your identification has been saved in /etc/ssh/ssh_host_dsa_key.
[[0;32m  OK  [0m] Started Initial cloud-init job (metadata service crawler).
[    8.331383] cloud-init[898]: Your public key has been saved in /etc/ssh/ssh_host_dsa_key.pub.
[    8.332137] cloud-init[898]: The key fingerprint is:
[[0;32m  OK  [0m] Reached target Network is Online.
[    8.333166] cloud-init[898]: SHA256:BhpTuBHzEnWQDqzCwvuLxjTB04a5pDMOLqgVQW3GGkM root@ubuntu-bionic
[    8.333875] cloud-init[898]: The key's randomart image is:         Starting Availability of block devices...
[[0;32m  OK  [0m] Reached target Remote File Systems (Pre).
[[0;32m  OK  [0m
[    8.336212] cloud-init[898]: +---[DSA 1024]----+
[    8.336628] cloud-init[898]: | .E++++o.        |
[    8.337046] cloud-init[898]: | .o X=..         |
[    8.337462] cloud-init[898]: |+ =B+=o          |
[    8.337875] cloud-init[898]: |oXo+.=..         |
[    8.338277] cloud-init[898]: |+.B .   S        |
[    8.338704] cloud-init[898]: |== .   .         |
[    8.339084] cloud-init[898]: |Bo+              |
[    8.339492] cloud-init[898]: |o*..             |
[    8.339907] cloud-init[898]: ] Reached target Remote File Systems.
[[0;32m  OK  [0m] Reached target Cloud-config availability.
[[0;32m  OK  [0m] Reached target System Initialization.
[[0;32m  OK  [0m] Listening on Open-iSCSI iscsid Socket.
[[0;32m  OK  [0m] Started Trigger to poll for Ubuntu …(Only enabled on GCP LTS non-pro).
[[0;32m  OK  [0m] Started Ubuntu Advantage Timer for running repeated jobs.
[[0;32m  OK  [0m] Started Message of the Day.
[[0;32m  OK  [0m] Listening on ACPID Listen Socket.
[[0;32m  OK  [0m] Listening on cloud-init hotplug hook socket.
[[0;32m  OK  [0m] Started Daily Cleanup of Temporary Directories.
[[0;32m  OK  [0m] Listening on D-Bus System Message Bus Socket.
[[0;32m  OK  [0m] Started Daily apt download activities.
[[0;32m  OK  [0m] Started Daily apt upgrade and clean activities.
[[0;32m  OK  [0m] Started ACPI Events Check.
[[0;32m  OK  [0m] Listening on UUID daemon activation socket.
[[0;32m  OK  [0m] Started Discard unused blocks once a week.
         Starting Socket activation for snappy daemon.
         Starting LXD - unix socket.
[[0;32m  OK  [0m] Reached target Paths.
[[0;32m  OK  [0m] Reached target Timers.
[[0;32m  OK  [0m] Listening on Socket activation for snappy daemon.
[[0;32m  OK  [0m] Listening on LXD - unix socket.
[[0;32m  OK  [0m] Reached target Sockets.
[[0;32m  OK  [0m] Reached target Basic System.
         Starting System Logging Service...
|=. ..            |
         Starting LSB: Record successful boot for GRUB...
         Starting LXD - container startup/shutdown...
[[0;32m  OK  [0m] Started D-Bus System Message Bus.
[    8.355194] cloud-init[898]: +----[SHA256]-----+
[    8.367509] cloud-init[898]: Generating public/private ecdsa key pair.
[    8.367950] cloud-init[898]: Your identification has been saved in /etc/ssh/ssh_host_ecdsa_key.
[    8.369976] cloud-init[898]: Your public key has been saved in /etc/ssh/ssh_host_ecdsa_key.pub.
[    8.370795] cloud-init[898]: The key fingerprint is:
[    8.371384] cloud-init[898]: SHA256:aheSAHxtvdqdVKv4ACxR97P58AukdtIatWGH5smlsOo root@ubuntu-bionic
[    8.372390] cloud-init[898]: The key's randomart image is:
[    8.373150] cloud-init[898]: +---[ECDSA 256]---+
[    8.384106] cloud-init[898]: | ..  o...        |
[    8.384365] cloud-init[898]: |  ..o o...  .    |
[    8.384600] cloud-init[898]: |   ..+   .o. .   |
[    8.384807] cloud-init[898]: |    ..o.. .=.    |
[    8.385039] cloud-init[898]: |     .o+S+@oo    |
[    8.385289] cloud-init[898]: |      .o+&+@     |
[    8.385521] cloud-init[898]: |      o BoX o    |
[    8.385753] cloud-init[898]: |     . + =.. .   |
         Starting LSB: automatic crash report generation...
[    8.399274] cloud-init[898]: |     .E .   .    |
         Starting Login Service...
[[0;32m  OK  [0m] Started FUSE filesystem for LXC.
[    8.402631] cloud-init[898]: +----[SHA256]-----+
[[0;32m  OK  [0m] Started irqbalance daemon.
[    8.403258] cloud-init[898]: Generating public/private ed25519 key pair.
         Starting Pollinate to seed the pseudo random number generator...
[    8.415266] cloud-init[898]: Your identification has been saved in /etc/ssh/ssh_host_ed25519_key.
         Starting Virtualbox guest utils...
[    8.427205] cloud-init[898]: Your public key has been saved in /etc/ssh/ssh_host_ed25519_key.pub.
         Starting Accounts Service...
         Starting Permit User Sessions...
[    8.431229] cloud-init[898]: The key fingerprint is:
[    8.431475] cloud-init[898]: SHA256:MPgv3KBoabhq+MSYpXE0KA+kXOVoi8PDqcNcDagCOsg root@ubuntu-bionic
[    8.440157] cloud-init[898]: The key's randomart image is:
[    8.440403] cloud-init[898]: +--[ED25519 256]--+
[    8.440630] cloud-init[898]: | . ...           |
[    8.440857] cloud-init[898]: |+.o o.           |
[    8.441087] cloud-init[898]: |*oo+..o          |
[    8.441331] cloud-init[898]: |X++.+. o         |
[    8.441559] cloud-init[898]: |BE+o .o S        |
[    8.452102] cloud-init[898]: |=@+o o +         |
[    8.452344] cloud-init[898]: |OoB . o o        |
[[0;32m  OK  [0m] Started Regular background program processing daemon.
[    8.467595] cloud-init[898]: |.B     .         |
[    8.469089] cloud-init[898]: |=..              |
[    8.469521] cloud-init[898]: +----[SHA256]-----+
         Starting Dispatcher daemon for systemd-networkd...
[[0;32m  OK  [0m] Started Deferred execution scheduler.
         Starting Snap Daemon...
[[0;32m  OK  [0m] Started System Logging Service.
[[0;32m  OK  [0m] Started Availability of block devices.
[[0;32m  OK  [0m] Started LXD - container startup/shutdown.
[[0;32m  OK  [0m] Started Permit User Sessions.
[[0;32m  OK  [0m] Started Login Service.
[[0;32m  OK  [0m] Started Unattended Upgrades Shutdown.
         Starting Hold until boot process finishes up...
         Starting Terminate Plymouth Boot Screen...
[[0;32m  OK  [0m] Started Hold until boot process finishes up.
[[0;32m  OK  [0m] Started Terminate Plymouth Boot Screen.
[[0;32m  OK  [0m] Started LSB: automatic crash report generation.
         Starting Authorization Manager...
[[0;32m  OK  [0m] Started Serial Getty on ttyS0.
         Starting Set console scheme...
[[0;32m  OK  [0m] Started LSB: Record successful boot for GRUB.
[[0;32m  OK  [0m] Started Authorization Manager.
[[0;32m  OK  [0m] Started Accounts Service.
[[0;32m  OK  [0m] Started Set console scheme.
[[0;32m  OK  [0m] Created slice system-getty.slice.
[[0;32m  OK  [0m] Started Getty on tty1.
[[0;32m  OK  [0m] Reached target Login Prompts.
[[0;32m  OK  [0m] Started Virtualbox guest utils.
[[0;32m  OK  [0m] Started Dispatcher daemon for systemd-networkd.
[[0;32m  OK  [0m] Started Snap Daemon.
         Starting Wait until snapd is fully seeded...
         Starting Time & Date Service...
[[0;32m  OK  [0m] Started Time & Date Service.
[[0;32m  OK  [0m] Started Pollinate to seed the pseudo random number generator.
         Starting OpenBSD Secure Shell server...
[[0;32m  OK  [0m] Started OpenBSD Secure Shell server.
[[0;32m  OK  [0m] Created slice User Slice of vagrant.
         Starting User Manager for UID 1000...
[[0;32m  OK  [0m] Started Session 1 of user vagrant.
[[0;32m  OK  [0m] Started User Manager for UID 1000.

Ubuntu 18.04.6 LTS ubuntu-bionic ttyS0

ubuntu-bionic login: [   17.712829] cloud-init[2004]: Cloud-init v. 21.4-0ubuntu1~18.04.1 running 'modules:config' at Sat, 19 Mar 2022 01:49:06 +0000. Up 17.42 seconds.
ci-info: no authorized SSH keys fingerprints found for user ubuntu.
<14>Mar 19 01:49:07 cloud-init: #############################################################
<14>Mar 19 01:49:07 cloud-init: -----BEGIN SSH HOST KEY FINGERPRINTS-----
<14>Mar 19 01:49:07 cloud-init: 1024 SHA256:BhpTuBHzEnWQDqzCwvuLxjTB04a5pDMOLqgVQW3GGkM root@ubuntu-bionic (DSA)
<14>Mar 19 01:49:07 cloud-init: 256 SHA256:aheSAHxtvdqdVKv4ACxR97P58AukdtIatWGH5smlsOo root@ubuntu-bionic (ECDSA)
<14>Mar 19 01:49:07 cloud-init: 256 SHA256:MPgv3KBoabhq+MSYpXE0KA+kXOVoi8PDqcNcDagCOsg root@ubuntu-bionic (ED25519)
<14>Mar 19 01:49:07 cloud-init: 2048 SHA256:GMKEPJpG57mmjdQP83Ub99qMckfRLImxIDpbfF5eaf0 root@ubuntu-bionic (RSA)
<14>Mar 19 01:49:07 cloud-init: -----END SSH HOST KEY FINGERPRINTS-----
<14>Mar 19 01:49:07 cloud-init: #############################################################
-----BEGIN SSH HOST KEY KEYS-----
ecdsa-sha2-nistp256 AAAAE2VjZHNhLXNoYTItbmlzdHAyNTYAAAAIbmlzdHAyNTYAAABBBALZFAqiTr+fAYVVGWWclDxpFKP29EWnSB2jz+q2lyhiA08kliMDiFQoivK0PXfibYN4iSvIqby+pMQAHcvh4Ao= root@ubuntu-bionic
ssh-ed25519 AAAAC3NzaC1lZDI1NTE5AAAAIGBlqatcPb45B6PMu3RzLjyx91XpFXUdjyk802vlCiK/ root@ubuntu-bionic
ssh-rsa AAAAB3NzaC1yc2EAAAADAQABAAABAQC7Z+991iXSWQx4AiDvzvOXpSeBOLTOMB1gRRxMy/W0xz7R5pAo/mPM25I0ikkQDbP7QI0BpfDCFOruCoOzjDz5Y74iD+6qA/ws73a5NurcW/od9H/MRA+gTyZw/zlELHncSs3p47q/V5ewldE5ozH0Gp7f38fh2kIq67B3ehvOKjfJCNOT2P3IUETpkkOc2IwO58y3/yTgKbsX2LAELYphZeyLcsz0Aw8RtC9Ux2ErdJsyjLrcQdt9wYfHGF/x6MjcPN6pSEZ5gRBThL1FMbSY1VB3qHICtUYW+xcCCsxS2mF3/QeMn1b9D5jM62wRsdEo3ujGZ607MJm3bGF7Z+dH root@ubuntu-bionic
-----END SSH HOST KEY KEYS-----
[   18.273617] cloud-init[2097]: Cloud-init v. 21.4-0ubuntu1~18.04.1 running 'modules:final' at Sat, 19 Mar 2022 01:49:07 +0000. Up 18.13 seconds.
[   18.273691] cloud-init[2097]: ci-info: no authorized SSH keys fingerprints found for user ubuntu.
[   18.273716] cloud-init[2097]: Cloud-init v. 21.4-0ubuntu1~18.04.1 finished at Sat, 19 Mar 2022 01:49:07 +0000. Datasource DataSourceNoCloud [seed=/dev/sdb][dsmode=net].  Up 18.26 seconds
